This file contains any messages produced by compilers while
running configure, to aid debugging if configure makes a mistake.

It was created by kalashnikov-db configure 0.1, which was
generated by GNU Autoconf 2.61.  Invocation command line was

  $ ./configure --enable-maintainer-mode

## --------- ##
## Platform. ##
## --------- ##

hostname = zecica
uname -m = i686
uname -r = 2.6.24-23-generic
uname -s = Linux
uname -v = #1 SMP Thu Nov 27 18:44:42 UTC 2008

/usr/bin/uname -p = unknown
/bin/uname -X     = unknown

/bin/arch              = unknown
/usr/bin/arch -k       = unknown
/usr/convex/getsysinfo = unknown
/usr/bin/hostinfo      = unknown
/bin/machine           = unknown
/usr/bin/oslevel       = unknown
/bin/universe          = unknown

PATH: /usr/local/sbin
PATH: /usr/local/bin
PATH: /usr/sbin
PATH: /usr/bin
PATH: /sbin
PATH: /bin
PATH: /usr/games


## ----------- ##
## Core tests. ##
## ----------- ##

configure:1739: checking for a BSD-compatible install
configure:1795: result: /usr/bin/install -c
configure:1806: checking whether build environment is sane
configure:1849: result: yes
configure:1877: checking for a thread-safe mkdir -p
configure:1916: result: /bin/mkdir -p
configure:1929: checking for gawk
configure:1959: result: no
configure:1929: checking for mawk
configure:1945: found /usr/bin/mawk
configure:1956: result: mawk
configure:1967: checking whether make sets $(MAKE)
configure:1988: result: yes
configure:2178: checking whether to enable maintainer-specific portions of Makefiles
configure:2187: result: yes
configure:2213: checking for style of include used by make
configure:2241: result: GNU
configure:2311: checking for gcc
configure:2327: found /usr/bin/gcc
configure:2338: result: gcc
configure:2576: checking for C compiler version
configure:2583: gcc --version >&5
gcc (GCC) 4.2.4 (Ubuntu 4.2.4-1ubuntu3)
Copyright (C) 2007 Free Software Foundation, Inc.
This is free software; see the source for copying conditions.  There is NO
warranty; not even for MERCHANTABILITY or FITNESS FOR A PARTICULAR PURPOSE.

configure:2586: $? = 0
configure:2593: gcc -v >&5
Using built-in specs.
Target: i486-linux-gnu
Configured with: ../src/configure -v --enable-languages=c,c++,fortran,objc,obj-c++,treelang --prefix=/usr --enable-shared --with-system-zlib --libexecdir=/usr/lib --without-included-gettext --enable-threads=posix --enable-nls --with-gxx-include-dir=/usr/include/c++/4.2 --program-suffix=-4.2 --enable-clocale=gnu --enable-libstdcxx-debug --enable-objc-gc --enable-mpfr --enable-targets=all --enable-checking=release --build=i486-linux-gnu --host=i486-linux-gnu --target=i486-linux-gnu
Thread model: posix
gcc version 4.2.4 (Ubuntu 4.2.4-1ubuntu3)
configure:2596: $? = 0
configure:2603: gcc -V >&5
gcc: '-V' option must have argument
configure:2606: $? = 1
configure:2629: checking for C compiler default output file name
configure:2656: gcc    conftest.c  >&5
configure:2659: $? = 0
configure:2697: result: a.out
configure:2714: checking whether the C compiler works
configure:2724: ./a.out
configure:2727: $? = 0
configure:2744: result: yes
configure:2751: checking whether we are cross compiling
configure:2753: result: no
configure:2756: checking for suffix of executables
configure:2763: gcc -o conftest    conftest.c  >&5
configure:2766: $? = 0
configure:2790: result: 
configure:2796: checking for suffix of object files
configure:2822: gcc -c   conftest.c >&5
configure:2825: $? = 0
configure:2848: result: o
configure:2852: checking whether we are using the GNU C compiler
configure:2881: gcc -c   conftest.c >&5
configure:2887: $? = 0
configure:2904: result: yes
configure:2909: checking whether gcc accepts -g
configure:2939: gcc -c -g  conftest.c >&5
configure:2945: $? = 0
configure:3044: result: yes
configure:3061: checking for gcc option to accept ISO C89
configure:3135: gcc  -c -g -O2  conftest.c >&5
configure:3141: $? = 0
configure:3164: result: none needed
configure:3184: checking dependency style of gcc
configure:3275: result: gcc3
configure:3291: checking for library containing strerror
configure:3332: gcc -o conftest -g -O2   conftest.c  >&5
configure:3338: $? = 0
configure:3366: result: none required
configure:3422: checking for gcc
configure:3449: result: gcc
configure:3687: checking for C compiler version
configure:3694: gcc --version >&5
gcc (GCC) 4.2.4 (Ubuntu 4.2.4-1ubuntu3)
Copyright (C) 2007 Free Software Foundation, Inc.
This is free software; see the source for copying conditions.  There is NO
warranty; not even for MERCHANTABILITY or FITNESS FOR A PARTICULAR PURPOSE.

configure:3697: $? = 0
configure:3704: gcc -v >&5
Using built-in specs.
Target: i486-linux-gnu
Configured with: ../src/configure -v --enable-languages=c,c++,fortran,objc,obj-c++,treelang --prefix=/usr --enable-shared --with-system-zlib --libexecdir=/usr/lib --without-included-gettext --enable-threads=posix --enable-nls --with-gxx-include-dir=/usr/include/c++/4.2 --program-suffix=-4.2 --enable-clocale=gnu --enable-libstdcxx-debug --enable-objc-gc --enable-mpfr --enable-targets=all --enable-checking=release --build=i486-linux-gnu --host=i486-linux-gnu --target=i486-linux-gnu
Thread model: posix
gcc version 4.2.4 (Ubuntu 4.2.4-1ubuntu3)
configure:3707: $? = 0
configure:3714: gcc -V >&5
gcc: '-V' option must have argument
configure:3717: $? = 1
configure:3720: checking whether we are using the GNU C compiler
configure:3772: result: yes
configure:3777: checking whether gcc accepts -g
configure:3912: result: yes
configure:3929: checking for gcc option to accept ISO C89
configure:4032: result: none needed
configure:4052: checking dependency style of gcc
configure:4143: result: gcc3
configure:4206: checking for gcc
configure:4233: result: gcc
configure:4471: checking for C compiler version
configure:4478: gcc --version >&5
gcc (GCC) 4.2.4 (Ubuntu 4.2.4-1ubuntu3)
Copyright (C) 2007 Free Software Foundation, Inc.
This is free software; see the source for copying conditions.  There is NO
warranty; not even for MERCHANTABILITY or FITNESS FOR A PARTICULAR PURPOSE.

configure:4481: $? = 0
configure:4488: gcc -v >&5
Using built-in specs.
Target: i486-linux-gnu
Configured with: ../src/configure -v --enable-languages=c,c++,fortran,objc,obj-c++,treelang --prefix=/usr --enable-shared --with-system-zlib --libexecdir=/usr/lib --without-included-gettext --enable-threads=posix --enable-nls --with-gxx-include-dir=/usr/include/c++/4.2 --program-suffix=-4.2 --enable-clocale=gnu --enable-libstdcxx-debug --enable-objc-gc --enable-mpfr --enable-targets=all --enable-checking=release --build=i486-linux-gnu --host=i486-linux-gnu --target=i486-linux-gnu
Thread model: posix
gcc version 4.2.4 (Ubuntu 4.2.4-1ubuntu3)
configure:4491: $? = 0
configure:4498: gcc -V >&5
gcc: '-V' option must have argument
configure:4501: $? = 1
configure:4504: checking whether we are using the GNU C compiler
configure:4556: result: yes
configure:4561: checking whether gcc accepts -g
configure:4696: result: yes
configure:4713: checking for gcc option to accept ISO C89
configure:4816: result: none needed
configure:4836: checking dependency style of gcc
configure:4927: result: gcc3
configure:4950: checking how to run the C preprocessor
configure:4990: gcc -E  conftest.c
configure:4996: $? = 0
configure:5027: gcc -E  conftest.c
conftest.c:10:28: error: ac_nonexistent.h: No such file or directory
configure:5033: $? = 1
configure: failed program was:
| /* confdefs.h.  */
| #define PACKAGE_NAME "kalashnikov-db"
| #define PACKAGE_TARNAME "kalashnikov-db"
| #define PACKAGE_VERSION "0.1"
| #define PACKAGE_STRING "kalashnikov-db 0.1"
| #define PACKAGE_BUGREPORT ""
| #define PACKAGE "kalashnikov-db"
| #define VERSION "0.1"
| /* end confdefs.h.  */
| #include <ac_nonexistent.h>
configure:5066: result: gcc -E
configure:5095: gcc -E  conftest.c
configure:5101: $? = 0
configure:5132: gcc -E  conftest.c
conftest.c:10:28: error: ac_nonexistent.h: No such file or directory
configure:5138: $? = 1
configure: failed program was:
| /* confdefs.h.  */
| #define PACKAGE_NAME "kalashnikov-db"
| #define PACKAGE_TARNAME "kalashnikov-db"
| #define PACKAGE_VERSION "0.1"
| #define PACKAGE_STRING "kalashnikov-db 0.1"
| #define PACKAGE_BUGREPORT ""
| #define PACKAGE "kalashnikov-db"
| #define VERSION "0.1"
| /* end confdefs.h.  */
| #include <ac_nonexistent.h>
configure:5176: checking for grep that handles long lines and -e
configure:5250: result: /bin/grep
configure:5255: checking for egrep
configure:5333: result: /bin/grep -E
configure:5338: checking for ANSI C header files
configure:5368: gcc -c -g -O2  conftest.c >&5
configure:5374: $? = 0
configure:5473: gcc -o conftest -g -O2   conftest.c  >&5
configure:5476: $? = 0
configure:5482: ./conftest
configure:5485: $? = 0
configure:5502: result: yes
configure:5660: creating ./config.status

## ---------------------- ##
## Running config.status. ##
## ---------------------- ##

This file was extended by kalashnikov-db config.status 0.1, which was
generated by GNU Autoconf 2.61.  Invocation command line was

  CONFIG_FILES    = 
  CONFIG_HEADERS  = 
  CONFIG_LINKS    = 
  CONFIG_COMMANDS = 
  $ ./config.status 

on zecica

config.status:639: creating Makefile
config.status:639: creating src/Makefile
config.status:639: creating config.h
config.status:903: executing depfiles commands

## ---------------- ##
## Cache variables. ##
## ---------------- ##

ac_cv_c_compiler_gnu=yes
ac_cv_env_CC_set=
ac_cv_env_CC_value=
ac_cv_env_CFLAGS_set=
ac_cv_env_CFLAGS_value=
ac_cv_env_CPPFLAGS_set=
ac_cv_env_CPPFLAGS_value=
ac_cv_env_CPP_set=
ac_cv_env_CPP_value=
ac_cv_env_LDFLAGS_set=
ac_cv_env_LDFLAGS_value=
ac_cv_env_LIBS_set=
ac_cv_env_LIBS_value=
ac_cv_env_build_alias_set=
ac_cv_env_build_alias_value=
ac_cv_env_host_alias_set=
ac_cv_env_host_alias_value=
ac_cv_env_target_alias_set=
ac_cv_env_target_alias_value=
ac_cv_header_stdc=yes
ac_cv_objext=o
ac_cv_path_EGREP='/bin/grep -E'
ac_cv_path_GREP=/bin/grep
ac_cv_path_install='/usr/bin/install -c'
ac_cv_path_mkdir=/bin/mkdir
ac_cv_prog_AWK=mawk
ac_cv_prog_CPP='gcc -E'
ac_cv_prog_ac_ct_CC=gcc
ac_cv_prog_cc_c89=
ac_cv_prog_cc_g=yes
ac_cv_prog_make_make_set=yes
ac_cv_search_strerror='none required'
am_cv_CC_dependencies_compiler_type=gcc3
am_cv_prog_cc_stdc=

## ----------------- ##
## Output variables. ##
## ----------------- ##

ACLOCAL='${SHELL} /media/disk-3/myProgramming/kalashnikovdb/missing --run aclocal-1.10'
AMDEPBACKSLASH='\'
AMDEP_FALSE='#'
AMDEP_TRUE=''
AMTAR='${SHELL} /media/disk-3/myProgramming/kalashnikovdb/missing --run tar'
AUTOCONF='${SHELL} /media/disk-3/myProgramming/kalashnikovdb/missing --run autoconf'
AUTOHEADER='${SHELL} /media/disk-3/myProgramming/kalashnikovdb/missing --run autoheader'
AUTOMAKE='${SHELL} /media/disk-3/myProgramming/kalashnikovdb/missing --run automake-1.10'
AWK='mawk'
CC='gcc'
CCDEPMODE='depmode=gcc3'
CFLAGS='-g -O2'
CPP='gcc -E'
CPPFLAGS=''
CYGPATH_W='echo'
DEFS='-DHAVE_CONFIG_H'
DEPDIR='.deps'
ECHO_C=''
ECHO_N='-n'
ECHO_T=''
EGREP='/bin/grep -E'
EXEEXT=''
GREP='/bin/grep'
INSTALL_DATA='${INSTALL} -m 644'
INSTALL_PROGRAM='${INSTALL}'
INSTALL_SCRIPT='${INSTALL}'
INSTALL_STRIP_PROGRAM='$(install_sh) -c -s'
LDFLAGS=''
LIBOBJS=''
LIBS=''
LTLIBOBJS=''
MAINT=''
MAINTAINER_MODE_FALSE='#'
MAINTAINER_MODE_TRUE=''
MAKEINFO='${SHELL} /media/disk-3/myProgramming/kalashnikovdb/missing --run makeinfo'
OBJEXT='o'
PACKAGE='kalashnikov-db'
PACKAGE_BUGREPORT=''
PACKAGE_NAME='kalashnikov-db'
PACKAGE_STRING='kalashnikov-db 0.1'
PACKAGE_TARNAME='kalashnikov-db'
PACKAGE_VERSION='0.1'
PATH_SEPARATOR=':'
SET_MAKE=''
SHELL='/bin/bash'
STRIP=''
VERSION='0.1'
ac_ct_CC='gcc'
am__fastdepCC_FALSE='#'
am__fastdepCC_TRUE=''
am__include='include'
am__isrc=''
am__leading_dot='.'
am__quote=''
am__tar='${AMTAR} chof - "$$tardir"'
am__untar='${AMTAR} xf -'
bindir='${exec_prefix}/bin'
build_alias=''
datadir='${datarootdir}'
datarootdir='${prefix}/share'
docdir='${datarootdir}/doc/${PACKAGE_TARNAME}'
dvidir='${docdir}'
exec_prefix='${prefix}'
host_alias=''
htmldir='${docdir}'
includedir='${prefix}/include'
infodir='${datarootdir}/info'
install_sh='$(SHELL) /media/disk-3/myProgramming/kalashnikovdb/install-sh'
libdir='${exec_prefix}/lib'
libexecdir='${exec_prefix}/libexec'
localedir='${datarootdir}/locale'
localstatedir='${prefix}/var'
mandir='${datarootdir}/man'
mkdir_p='/bin/mkdir -p'
oldincludedir='/usr/include'
pdfdir='${docdir}'
prefix='/usr/local'
program_transform_name='s,x,x,'
psdir='${docdir}'
sbindir='${exec_prefix}/sbin'
sharedstatedir='${prefix}/com'
sysconfdir='${prefix}/etc'
target_alias=''

## ----------- ##
## confdefs.h. ##
## ----------- ##

#define PACKAGE_NAME "kalashnikov-db"
#define PACKAGE_TARNAME "kalashnikov-db"
#define PACKAGE_VERSION "0.1"
#define PACKAGE_STRING "kalashnikov-db 0.1"
#define PACKAGE_BUGREPORT ""
#define PACKAGE "kalashnikov-db"
#define VERSION "0.1"
#define STDC_HEADERS 1

configure: exit 0

## ---------------------- ##
## Running config.status. ##
## ---------------------- ##

This file was extended by kalashnikov-db config.status 0.1, which was
generated by GNU Autoconf 2.61.  Invocation command line was

  CONFIG_FILES    = 
  CONFIG_HEADERS  = 
  CONFIG_LINKS    = 
  CONFIG_COMMANDS = 
  $ ./config.status src/Makefile depfiles

on zecica

config.status:639: creating src/Makefile
config.status:903: executing depfiles commands
