make --dry-run --always-make --keep-going --print-directory
make: Entering directory '/home/karlo/akdb-main/akdb/akdb/src'
gcc -pthread -w -c -g -c -w auxi/test.c -o auxi/test.o
gcc -pthread -w -MM -g -c -w auxi/test.c > auxi/test.d
mv -f auxi/test.d auxi/test.d.tmp
sed -e 's|.*:|auxi/test.o:|' < auxi/test.d.tmp > auxi/test.d
 
sed -e 's/.*://' -e 's/\\$//' < auxi/test.d.tmp | fmt -1 | \
  sed -e 's/^ *//' -e 's/$/:/' >> auxi/test.d
rm -f auxi/test.d.tmp
gcc -pthread -w -c -g -c -w auxi/mempro.c -o auxi/mempro.o
gcc -pthread -w -MM -g -c -w auxi/mempro.c > auxi/mempro.d
mv -f auxi/mempro.d auxi/mempro.d.tmp
sed -e 's|.*:|auxi/mempro.o:|' < auxi/mempro.d.tmp > auxi/mempro.d
sed -e 's/.*://' -e 's/\\$//' < auxi/mempro.d.tmp | fmt -1 | \
  sed -e 's/^ *//' -e 's/$/:/' >> auxi/mempro.d
rm -f auxi/mempro.d.tmp
 
gcc -pthread -w -c -g -c -w sql/trigger.c -o sql/trigger.o
gcc -pthread -w -MM -g -c -w sql/trigger.c > sql/trigger.d
mv -f sql/trigger.d sql/trigger.d.tmp
 
sed -e 's|.*:|sql/trigger.o:|' < sql/trigger.d.tmp > sql/trigger.d
sed -e 's/.*://' -e 's/\\$//' < sql/trigger.d.tmp | fmt -1 | \
  sed -e 's/^ *//' -e 's/$/:/' >> sql/trigger.d
rm -f sql/trigger.d.tmp
 
gcc -pthread -w -c -g -c -w file/test.c -o file/test.o
 
gcc -pthread -w -MM -g -c -w file/test.c > file/test.d
mv -f file/test.d file/test.d.tmp
sed -e 's|.*:|file/test.o:|' < file/test.d.tmp > file/test.d
sed -e 's/.*://' -e 's/\\$//' < file/test.d.tmp | fmt -1 | \
  sed -e 's/^ *//' -e 's/$/:/' >> file/test.d
rm -f file/test.d.tmp
gcc -pthread -w -c -g -c -w auxi/debug.c -o auxi/debug.o
gcc -pthread -w -MM -g -c -w auxi/debug.c > auxi/debug.d
mv -f auxi/debug.d auxi/debug.d.tmp
sed -e 's|.*:|auxi/debug.o:|' < auxi/debug.d.tmp > auxi/debug.d
sed -e 's/.*://' -e 's/\\$//' < auxi/debug.d.tmp | fmt -1 | \
  sed -e 's/^ *//' -e 's/$/:/' >> auxi/debug.d
rm -f auxi/debug.d.tmp
 
gcc -pthread -w -c -g -c -w rec/archive_log.c -o rec/archive_log.o
gcc -pthread -w -MM -g -c -w rec/archive_log.c > rec/archive_log.d
 
mv -f rec/archive_log.d rec/archive_log.d.tmp
sed -e 's|.*:|rec/archive_log.o:|' < rec/archive_log.d.tmp > rec/archive_log.d
sed -e 's/.*://' -e 's/\\$//' < rec/archive_log.d.tmp | fmt -1 | \
  sed -e 's/^ *//' -e 's/$/:/' >> rec/archive_log.d
rm -f rec/archive_log.d.tmp
 
gcc -pthread -w -c -g -c -w sql/command.c -o sql/command.o
gcc -pthread -w -MM -g -c -w sql/command.c > sql/command.d
mv -f sql/command.d sql/command.d.tmp
sed -e 's|.*:|sql/command.o:|' < sql/command.d.tmp > sql/command.d
sed -e 's/.*://' -e 's/\\$//' < sql/command.d.tmp | fmt -1 | \
  sed -e 's/^ *//' -e 's/$/:/' >> sql/command.d
rm -f sql/command.d.tmp
 
gcc -pthread -w -c -g -c -w auxi/dictionary.c -o auxi/dictionary.o
gcc -pthread -w -MM -g -c -w auxi/dictionary.c > auxi/dictionary.d
mv -f auxi/dictionary.d auxi/dictionary.d.tmp
sed -e 's|.*:|auxi/dictionary.o:|' < auxi/dictionary.d.tmp > auxi/dictionary.d
sed -e 's/.*://' -e 's/\\$//' < auxi/dictionary.d.tmp | fmt -1 | \
  sed -e 's/^ *//' -e 's/$/:/' >> auxi/dictionary.d
rm -f auxi/dictionary.d.tmp
 
gcc -pthread -w -c -g -c -w auxi/auxiliary.c -o auxi/auxiliary.o
gcc -pthread -w -MM -g -c -w auxi/auxiliary.c > auxi/auxiliary.d
mv -f auxi/auxiliary.d auxi/auxiliary.d.tmp
sed -e 's|.*:|auxi/auxiliary.o:|' < auxi/auxiliary.d.tmp > auxi/auxiliary.d
sed -e 's/.*://' -e 's/\\$//' < auxi/auxiliary.d.tmp | fmt -1 | \
  sed -e 's/^ *//' -e 's/$/:/' >> auxi/auxiliary.d
rm -f auxi/auxiliary.d.tmp
 
gcc -pthread -w -c -g -c -w auxi/iniparser.c -o auxi/iniparser.o
gcc -pthread -w -MM -g -c -w auxi/iniparser.c > auxi/iniparser.d
mv -f auxi/iniparser.d auxi/iniparser.d.tmp
sed -e 's|.*:|auxi/iniparser.o:|' < auxi/iniparser.d.tmp > auxi/iniparser.d
sed -e 's/.*://' -e 's/\\$//' < auxi/iniparser.d.tmp | fmt -1 | \
  sed -e 's/^ *//' -e 's/$/:/' >> auxi/iniparser.d
rm -f auxi/iniparser.d.tmp
 
gcc -pthread -w -c -g -c -w sql/privileges.c -o sql/privileges.o
gcc -pthread -w -MM -g -c -w sql/privileges.c > sql/privileges.d
 
mv -f sql/privileges.d sql/privileges.d.tmp
sed -e 's|.*:|sql/privileges.o:|' < sql/privileges.d.tmp > sql/privileges.d
sed -e 's/.*://' -e 's/\\$//' < sql/privileges.d.tmp | fmt -1 | \
  sed -e 's/^ *//' -e 's/$/:/' >> sql/privileges.d
rm -f sql/privileges.d.tmp
 
gcc -pthread -w -c -g -c -w sql/function.c -o sql/function.o
gcc -pthread -w -MM -g -c -w sql/function.c > sql/function.d
mv -f sql/function.d sql/function.d.tmp
sed -e 's|.*:|sql/function.o:|' < sql/function.d.tmp > sql/function.d
sed -e 's/.*://' -e 's/\\$//' < sql/function.d.tmp | fmt -1 | \
  sed -e 's/^ *//' -e 's/$/:/' >> sql/function.d
rm -f sql/function.d.tmp
 
gcc -pthread -w -c -g -c -w file/sequence.c -o file/sequence.o
gcc -pthread -w -MM -g -c -w file/sequence.c > file/sequence.d
 
mv -f file/sequence.d file/sequence.d.tmp
sed -e 's|.*:|file/sequence.o:|' < file/sequence.d.tmp > file/sequence.d
sed -e 's/.*://' -e 's/\\$//' < file/sequence.d.tmp | fmt -1 | \
  sed -e 's/^ *//' -e 's/$/:/' >> file/sequence.d
rm -f file/sequence.d.tmp
 
gcc -pthread -w -c -g -c -w rec/redo_log.c -o rec/redo_log.o
gcc -pthread -w -MM -g -c -w rec/redo_log.c > rec/redo_log.d
 
mv -f rec/redo_log.d rec/redo_log.d.tmp
sed -e 's|.*:|rec/redo_log.o:|' < rec/redo_log.d.tmp > rec/redo_log.d
sed -e 's/.*://' -e 's/\\$//' < rec/redo_log.d.tmp | fmt -1 | \
  sed -e 's/^ *//' -e 's/$/:/' >> rec/redo_log.d
rm -f rec/redo_log.d.tmp
 
gcc -pthread -w -c -g -c -w sql/insert.c -o sql/insert.o
gcc -pthread -w -MM -g -c -w sql/insert.c > sql/insert.d
mv -f sql/insert.d sql/insert.d.tmp
 
sed -e 's|.*:|sql/insert.o:|' < sql/insert.d.tmp > sql/insert.d
sed -e 's/.*://' -e 's/\\$//' < sql/insert.d.tmp | fmt -1 | \
  sed -e 's/^ *//' -e 's/$/:/' >> sql/insert.d
rm -f sql/insert.d.tmp
 
gcc -pthread -w -c -g -c -w sql/drop.c -o sql/drop.o
gcc -pthread -w -MM -g -c -w sql/drop.c > sql/drop.d
mv -f sql/drop.d sql/drop.d.tmp
sed -e 's|.*:|sql/drop.o:|' < sql/drop.d.tmp > sql/drop.d
sed -e 's/.*://' -e 's/\\$//' < sql/drop.d.tmp | fmt -1 | \
  sed -e 's/^ *//' -e 's/$/:/' >> sql/drop.d
rm -f sql/drop.d.tmp
 
gcc -pthread -w -c -g -c -w sql/view.c -o sql/view.o
gcc -pthread -w -MM -g -c -w sql/view.c > sql/view.d
mv -f sql/view.d sql/view.d.tmp
sed -e 's|.*:|sql/view.o:|' < sql/view.d.tmp > sql/view.d
sed -e 's/.*://' -e 's/\\$//' < sql/view.d.tmp | fmt -1 | \
  sed -e 's/^ *//' -e 's/$/:/' >> sql/view.d
rm -f sql/view.d.tmp
 
gcc -pthread -w -c -g -c -w auxi/observable.c -o auxi/observable.o
gcc -pthread -w -MM -g -c -w auxi/observable.c > auxi/observable.d
mv -f auxi/observable.d auxi/observable.d.tmp
sed -e 's|.*:|auxi/observable.o:|' < auxi/observable.d.tmp > auxi/observable.d
sed -e 's/.*://' -e 's/\\$//' < auxi/observable.d.tmp | fmt -1 | \
  sed -e 's/^ *//' -e 's/$/:/' >> auxi/observable.d
rm -f auxi/observable.d.tmp
 
gcc -pthread -w -c -g -c -w sql/select.c -o sql/select.o
gcc -pthread -w -MM -g -c -w sql/select.c > sql/select.d
mv -f sql/select.d sql/select.d.tmp
sed -e 's|.*:|sql/select.o:|' < sql/select.d.tmp > sql/select.d
sed -e 's/.*://' -e 's/\\$//' < sql/select.d.tmp | fmt -1 | \
  sed -e 's/^ *//' -e 's/$/:/' >> sql/select.d
rm -f sql/select.d.tmp
 
gcc -pthread -w -c -g -c -w rec/recovery.c -o rec/recovery.o
gcc -pthread -w -MM -g -c -w rec/recovery.c > rec/recovery.d
mv -f rec/recovery.d rec/recovery.d.tmp
 
sed -e 's|.*:|rec/recovery.o:|' < rec/recovery.d.tmp > rec/recovery.d
sed -e 's/.*://' -e 's/\\$//' < rec/recovery.d.tmp | fmt -1 | \
  sed -e 's/^ *//' -e 's/$/:/' >> rec/recovery.d
rm -f rec/recovery.d.tmp
 
gcc -pthread -w -c -g -c -w sql/cs/constraint_names.c -o sql/cs/constraint_names.o
gcc -pthread -w -MM -g -c -w sql/cs/constraint_names.c > sql/cs/constraint_names.d
 
mv -f sql/cs/constraint_names.d sql/cs/constraint_names.d.tmp
sed -e 's|.*:|sql/cs/constraint_names.o:|' < sql/cs/constraint_names.d.tmp > sql/cs/constraint_names.d
sed -e 's/.*://' -e 's/\\$//' < sql/cs/constraint_names.d.tmp | fmt -1 | \
  sed -e 's/^ *//' -e 's/$/:/' >> sql/cs/constraint_names.d
rm -f sql/cs/constraint_names.d.tmp
 
gcc -pthread -w -c -g -c -w sql/cs/reference.c -o sql/cs/reference.o
gcc -pthread -w -MM -g -c -w sql/cs/reference.c > sql/cs/reference.d
 
mv -f sql/cs/reference.d sql/cs/reference.d.tmp
sed -e 's|.*:|sql/cs/reference.o:|' < sql/cs/reference.d.tmp > sql/cs/reference.d
sed -e 's/.*://' -e 's/\\$//' < sql/cs/reference.d.tmp | fmt -1 | \
  sed -e 's/^ *//' -e 's/$/:/' >> sql/cs/reference.d
rm -f sql/cs/reference.d.tmp
 
gcc -pthread -w -c -g -c -w sql/cs/between.c -o sql/cs/between.o
gcc -pthread -w -MM -g -c -w sql/cs/between.c > sql/cs/between.d
 
mv -f sql/cs/between.d sql/cs/between.d.tmp
sed -e 's|.*:|sql/cs/between.o:|' < sql/cs/between.d.tmp > sql/cs/between.d
sed -e 's/.*://' -e 's/\\$//' < sql/cs/between.d.tmp | fmt -1 | \
  sed -e 's/^ *//' -e 's/$/:/' >> sql/cs/between.d
rm -f sql/cs/between.d.tmp
 
gcc -pthread -w -c -g -c -w sql/cs/nnull.c -o sql/cs/nnull.o
gcc -pthread -w -MM -g -c -w sql/cs/nnull.c > sql/cs/nnull.d
mv -f sql/cs/nnull.d sql/cs/nnull.d.tmp
sed -e 's|.*:|sql/cs/nnull.o:|' < sql/cs/nnull.d.tmp > sql/cs/nnull.d
sed -e 's/.*://' -e 's/\\$//' < sql/cs/nnull.d.tmp | fmt -1 | \
  sed -e 's/^ *//' -e 's/$/:/' >> sql/cs/nnull.d
rm -f sql/cs/nnull.d.tmp
 
gcc -pthread -w -c -g -c -w file/id.c -o file/id.o
gcc -pthread -w -MM -g -c -w file/id.c > file/id.d
 
mv -f file/id.d file/id.d.tmp
sed -e 's|.*:|file/id.o:|' < file/id.d.tmp > file/id.d
sed -e 's/.*://' -e 's/\\$//' < file/id.d.tmp | fmt -1 | \
  sed -e 's/^ *//' -e 's/$/:/' >> file/id.d
rm -f file/id.d.tmp
 
gcc -pthread -w -c -g -c -w rel/expression_check.c -o rel/expression_check.o
gcc -pthread -w -MM -g -c -w rel/expression_check.c > rel/expression_check.d
mv -f rel/expression_check.d rel/expression_check.d.tmp
sed -e 's|.*:|rel/expression_check.o:|' < rel/expression_check.d.tmp > rel/expression_check.d
sed -e 's/.*://' -e 's/\\$//' < rel/expression_check.d.tmp | fmt -1 | \
  sed -e 's/^ *//' -e 's/$/:/' >> rel/expression_check.d
rm -f rel/expression_check.d.tmp
 
gcc -pthread -w -c -g -c -w sql/cs/check_constraint.c -o sql/cs/check_constraint.o
gcc -pthread -w -MM -g -c -w sql/cs/check_constraint.c > sql/cs/check_constraint.d
mv -f sql/cs/check_constraint.d sql/cs/check_constraint.d.tmp
sed -e 's|.*:|sql/cs/check_constraint.o:|' < sql/cs/check_constraint.d.tmp > sql/cs/check_constraint.d
sed -e 's/.*://' -e 's/\\$//' < sql/cs/check_constraint.d.tmp | fmt -1 | \
  sed -e 's/^ *//' -e 's/$/:/' >> sql/cs/check_constraint.d
rm -f sql/cs/check_constraint.d.tmp
 
gcc -pthread -w -c -g -c -w sql/cs/unique.c -o sql/cs/unique.o
gcc -pthread -w -MM -g -c -w sql/cs/unique.c > sql/cs/unique.d
 
mv -f sql/cs/unique.d sql/cs/unique.d.tmp
sed -e 's|.*:|sql/cs/unique.o:|' < sql/cs/unique.d.tmp > sql/cs/unique.d
sed -e 's/.*://' -e 's/\\$//' < sql/cs/unique.d.tmp | fmt -1 | \
  sed -e 's/^ *//' -e 's/$/:/' >> sql/cs/unique.d
rm -f sql/cs/unique.d.tmp
 
gcc -pthread -w -c -g -c -w opti/rel_eq_projection.c -o opti/rel_eq_projection.o
gcc -pthread -w -MM -g -c -w opti/rel_eq_projection.c > opti/rel_eq_projection.d
mv -f opti/rel_eq_projection.d opti/rel_eq_projection.d.tmp
 
sed -e 's|.*:|opti/rel_eq_projection.o:|' < opti/rel_eq_projection.d.tmp > opti/rel_eq_projection.d
sed -e 's/.*://' -e 's/\\$//' < opti/rel_eq_projection.d.tmp | fmt -1 | \
  sed -e 's/^ *//' -e 's/$/:/' >> opti/rel_eq_projection.d
rm -f opti/rel_eq_projection.d.tmp
 
gcc -pthread -w -c -g -c -w opti/rel_eq_selection.c -o opti/rel_eq_selection.o
gcc -pthread -w -MM -g -c -w opti/rel_eq_selection.c > opti/rel_eq_selection.d
mv -f opti/rel_eq_selection.d opti/rel_eq_selection.d.tmp
sed -e 's|.*:|opti/rel_eq_selection.o:|' < opti/rel_eq_selection.d.tmp > opti/rel_eq_selection.d
sed -e 's/.*://' -e 's/\\$//' < opti/rel_eq_selection.d.tmp | fmt -1 | \
  sed -e 's/^ *//' -e 's/$/:/' >> opti/rel_eq_selection.d
rm -f opti/rel_eq_selection.d.tmp
 
gcc -pthread -w -c -g -c -w opti/rel_eq_assoc.c -o opti/rel_eq_assoc.o
gcc -pthread -w -MM -g -c -w opti/rel_eq_assoc.c > opti/rel_eq_assoc.d
 
mv -f opti/rel_eq_assoc.d opti/rel_eq_assoc.d.tmp
sed -e 's|.*:|opti/rel_eq_assoc.o:|' < opti/rel_eq_assoc.d.tmp > opti/rel_eq_assoc.d
sed -e 's/.*://' -e 's/\\$//' < opti/rel_eq_assoc.d.tmp | fmt -1 | \
  sed -e 's/^ *//' -e 's/$/:/' >> opti/rel_eq_assoc.d
rm -f opti/rel_eq_assoc.d.tmp
 
gcc -pthread -w -c -g -c -w opti/rel_eq_comut.c -o opti/rel_eq_comut.o
gcc -pthread -w -MM -g -c -w opti/rel_eq_comut.c > opti/rel_eq_comut.d
mv -f opti/rel_eq_comut.d opti/rel_eq_comut.d.tmp
sed -e 's|.*:|opti/rel_eq_comut.o:|' < opti/rel_eq_comut.d.tmp > opti/rel_eq_comut.d
sed -e 's/.*://' -e 's/\\$//' < opti/rel_eq_comut.d.tmp | fmt -1 | \
  sed -e 's/^ *//' -e 's/$/:/' >> opti/rel_eq_comut.d
rm -f opti/rel_eq_comut.d.tmp
 
gcc -pthread -w -c -g -c -w opti/query_optimization.c -o opti/query_optimization.o
gcc -pthread -w -MM -g -c -w opti/query_optimization.c > opti/query_optimization.d
 
mv -f opti/query_optimization.d opti/query_optimization.d.tmp
sed -e 's|.*:|opti/query_optimization.o:|' < opti/query_optimization.d.tmp > opti/query_optimization.d
sed -e 's/.*://' -e 's/\\$//' < opti/query_optimization.d.tmp | fmt -1 | \
  sed -e 's/^ *//' -e 's/$/:/' >> opti/query_optimization.d
rm -f opti/query_optimization.d.tmp
 
gcc -pthread -w -c -g -c -w rel/difference.c -o rel/difference.o
gcc -pthread -w -MM -g -c -w rel/difference.c > rel/difference.d
mv -f rel/difference.d rel/difference.d.tmp
sed -e 's|.*:|rel/difference.o:|' < rel/difference.d.tmp > rel/difference.d
sed -e 's/.*://' -e 's/\\$//' < rel/difference.d.tmp | fmt -1 | \
  sed -e 's/^ *//' -e 's/$/:/' >> rel/difference.d
rm -f rel/difference.d.tmp
 
gcc -pthread -w -c -g -c -w rel/intersect.c -o rel/intersect.o
gcc -pthread -w -MM -g -c -w rel/intersect.c > rel/intersect.d
mv -f rel/intersect.d rel/intersect.d.tmp
 
sed -e 's|.*:|rel/intersect.o:|' < rel/intersect.d.tmp > rel/intersect.d
sed -e 's/.*://' -e 's/\\$//' < rel/intersect.d.tmp | fmt -1 | \
  sed -e 's/^ *//' -e 's/$/:/' >> rel/intersect.d
rm -f rel/intersect.d.tmp
 
gcc -pthread -w -c -g -c -w rel/nat_join.c -o rel/nat_join.o
gcc -pthread -w -MM -g -c -w rel/nat_join.c > rel/nat_join.d
mv -f rel/nat_join.d rel/nat_join.d.tmp
sed -e 's|.*:|rel/nat_join.o:|' < rel/nat_join.d.tmp > rel/nat_join.d
sed -e 's/.*://' -e 's/\\$//' < rel/nat_join.d.tmp | fmt -1 | \
  sed -e 's/^ *//' -e 's/$/:/' >> rel/nat_join.d
rm -f rel/nat_join.d.tmp
 
gcc -pthread -w -c -g -c -w rel/projection.c -o rel/projection.o
gcc -pthread -w -MM -g -c -w rel/projection.c > rel/projection.d
mv -f rel/projection.d rel/projection.d.tmp
sed -e 's|.*:|rel/projection.o:|' < rel/projection.d.tmp > rel/projection.d
sed -e 's/.*://' -e 's/\\$//' < rel/projection.d.tmp | fmt -1 | \
  sed -e 's/^ *//' -e 's/$/:/' >> rel/projection.d
rm -f rel/projection.d.tmp
 
gcc -pthread -w -c -g -c -w rel/selection.c -o rel/selection.o
gcc -pthread -w -MM -g -c -w rel/selection.c > rel/selection.d
mv -f rel/selection.d rel/selection.d.tmp
 
sed -e 's|.*:|rel/selection.o:|' < rel/selection.d.tmp > rel/selection.d
sed -e 's/.*://' -e 's/\\$//' < rel/selection.d.tmp | fmt -1 | \
  sed -e 's/^ *//' -e 's/$/:/' >> rel/selection.d
rm -f rel/selection.d.tmp
gcc -pthread -w -c -g -c -w rel/union.c -o rel/union.o
gcc -pthread -w -MM -g -c -w rel/union.c > rel/union.d
mv -f rel/union.d rel/union.d.tmp
sed -e 's|.*:|rel/union.o:|' < rel/union.d.tmp > rel/union.d
 
sed -e 's/.*://' -e 's/\\$//' < rel/union.d.tmp | fmt -1 | \
  sed -e 's/^ *//' -e 's/$/:/' >> rel/union.d
rm -f rel/union.d.tmp
 
gcc -pthread -w -c -g -c -w rel/aggregation.c -o rel/aggregation.o
gcc -pthread -w -MM -g -c -w rel/aggregation.c > rel/aggregation.d
mv -f rel/aggregation.d rel/aggregation.d.tmp
sed -e 's|.*:|rel/aggregation.o:|' < rel/aggregation.d.tmp > rel/aggregation.d
sed -e 's/.*://' -e 's/\\$//' < rel/aggregation.d.tmp | fmt -1 | \
  sed -e 's/^ *//' -e 's/$/:/' >> rel/aggregation.d
rm -f rel/aggregation.d.tmp
 
gcc -pthread -w -c -g -c -w rel/product.c -o rel/product.o
gcc -pthread -w -MM -g -c -w rel/product.c > rel/product.d
mv -f rel/product.d rel/product.d.tmp
sed -e 's|.*:|rel/product.o:|' < rel/product.d.tmp > rel/product.d
sed -e 's/.*://' -e 's/\\$//' < rel/product.d.tmp | fmt -1 | \
  sed -e 's/^ *//' -e 's/$/:/' >> rel/product.d
rm -f rel/product.d.tmp
 
gcc -pthread -w -c -g -c -w rel/theta_join.c -o rel/theta_join.o
gcc -pthread -w -MM -g -c -w rel/theta_join.c > rel/theta_join.d
mv -f rel/theta_join.d rel/theta_join.d.tmp
sed -e 's|.*:|rel/theta_join.o:|' < rel/theta_join.d.tmp > rel/theta_join.d
sed -e 's/.*://' -e 's/\\$//' < rel/theta_join.d.tmp | fmt -1 | \
  sed -e 's/^ *//' -e 's/$/:/' >> rel/theta_join.d
rm -f rel/theta_join.d.tmp
 
gcc -pthread -w -c -g -c -w trans/transaction.c -o trans/transaction.o
gcc -pthread -w -MM -g -c -w trans/transaction.c > trans/transaction.d
 
mv -f trans/transaction.d trans/transaction.d.tmp
sed -e 's|.*:|trans/transaction.o:|' < trans/transaction.d.tmp > trans/transaction.d
sed -e 's/.*://' -e 's/\\$//' < trans/transaction.d.tmp | fmt -1 | \
  sed -e 's/^ *//' -e 's/$/:/' >> trans/transaction.d
rm -f trans/transaction.d.tmp
 
gcc -pthread -w -c -g -c -w dm/dbman.c -o dm/dbman.o
gcc -pthread -w -MM -g -c -w dm/dbman.c > dm/dbman.d
mv -f dm/dbman.d dm/dbman.d.tmp
sed -e 's|.*:|dm/dbman.o:|' < dm/dbman.d.tmp > dm/dbman.d
sed -e 's/.*://' -e 's/\\$//' < dm/dbman.d.tmp | fmt -1 | \
  sed -e 's/^ *//' -e 's/$/:/' >> dm/dbman.d
rm -f dm/dbman.d.tmp
 
gcc -pthread -w -c -g -c -w mm/memoman.c -o mm/memoman.o
gcc -pthread -w -MM -g -c -w mm/memoman.c > mm/memoman.d
 
mv -f mm/memoman.d mm/memoman.d.tmp
sed -e 's|.*:|mm/memoman.o:|' < mm/memoman.d.tmp > mm/memoman.d
sed -e 's/.*://' -e 's/\\$//' < mm/memoman.d.tmp | fmt -1 | \
  sed -e 's/^ *//' -e 's/$/:/' >> mm/memoman.d
rm -f mm/memoman.d.tmp
 
gcc -pthread -w -c -g -c -w file/files.c -o file/files.o
gcc -pthread -w -MM -g -c -w file/files.c > file/files.d
mv -f file/files.d file/files.d.tmp
sed -e 's|.*:|file/files.o:|' < file/files.d.tmp > file/files.d
sed -e 's/.*://' -e 's/\\$//' < file/files.d.tmp | fmt -1 | \
  sed -e 's/^ *//' -e 's/$/:/' >> file/files.d
rm -f file/files.d.tmp
 
gcc -pthread -w -c -g -c -w file/fileio.c -o file/fileio.o
gcc -pthread -w -MM -g -c -w file/fileio.c > file/fileio.d
 
mv -f file/fileio.d file/fileio.d.tmp
sed -e 's|.*:|file/fileio.o:|' < file/fileio.d.tmp > file/fileio.d
sed -e 's/.*://' -e 's/\\$//' < file/fileio.d.tmp | fmt -1 | \
  sed -e 's/^ *//' -e 's/$/:/' >> file/fileio.d
rm -f file/fileio.d.tmp
 
gcc -pthread -w -c -g -c -w file/filesearch.c -o file/filesearch.o
gcc -pthread -w -MM -g -c -w file/filesearch.c > file/filesearch.d
mv -f file/filesearch.d file/filesearch.d.tmp
sed -e 's|.*:|file/filesearch.o:|' < file/filesearch.d.tmp > file/filesearch.d
sed -e 's/.*://' -e 's/\\$//' < file/filesearch.d.tmp | fmt -1 | \
  sed -e 's/^ *//' -e 's/$/:/' >> file/filesearch.d
rm -f file/filesearch.d.tmp
 
gcc -pthread -w -c -g -c -w file/filesort.c -o file/filesort.o
gcc -pthread -w -MM -g -c -w file/filesort.c > file/filesort.d
 
mv -f file/filesort.d file/filesort.d.tmp
sed -e 's|.*:|file/filesort.o:|' < file/filesort.d.tmp > file/filesort.d
sed -e 's/.*://' -e 's/\\$//' < file/filesort.d.tmp | fmt -1 | \
  sed -e 's/^ *//' -e 's/$/:/' >> file/filesort.d
rm -f file/filesort.d.tmp
 
gcc -pthread -w -c -g -c -w file/idx/index.c -o file/idx/index.o
gcc -pthread -w -MM -g -c -w file/idx/index.c > file/idx/index.d
mv -f file/idx/index.d file/idx/index.d.tmp
sed -e 's|.*:|file/idx/index.o:|' < file/idx/index.d.tmp > file/idx/index.d
 
sed -e 's/.*://' -e 's/\\$//' < file/idx/index.d.tmp | fmt -1 | \
  sed -e 's/^ *//' -e 's/$/:/' >> file/idx/index.d
rm -f file/idx/index.d.tmp
gcc -pthread -w -c -g -c -w file/idx/btree.c -o file/idx/btree.o
gcc -pthread -w -MM -g -c -w file/idx/btree.c > file/idx/btree.d
mv -f file/idx/btree.d file/idx/btree.d.tmp
sed -e 's|.*:|file/idx/btree.o:|' < file/idx/btree.d.tmp > file/idx/btree.d
sed -e 's/.*://' -e 's/\\$//' < file/idx/btree.d.tmp | fmt -1 | \
  sed -e 's/^ *//' -e 's/$/:/' >> file/idx/btree.d
rm -f file/idx/btree.d.tmp
 
gcc -pthread -w -c -g -c -w file/idx/hash.c -o file/idx/hash.o
gcc -pthread -w -MM -g -c -w file/idx/hash.c > file/idx/hash.d
 
mv -f file/idx/hash.d file/idx/hash.d.tmp
sed -e 's|.*:|file/idx/hash.o:|' < file/idx/hash.d.tmp > file/idx/hash.d
sed -e 's/.*://' -e 's/\\$//' < file/idx/hash.d.tmp | fmt -1 | \
  sed -e 's/^ *//' -e 's/$/:/' >> file/idx/hash.d
rm -f file/idx/hash.d.tmp
 
gcc -pthread -w -c -g -c -w file/idx/bitmap.c -o file/idx/bitmap.o
gcc -pthread -w -MM -g -c -w file/idx/bitmap.c > file/idx/bitmap.d
mv -f file/idx/bitmap.d file/idx/bitmap.d.tmp
sed -e 's|.*:|file/idx/bitmap.o:|' < file/idx/bitmap.d.tmp > file/idx/bitmap.d
 
sed -e 's/.*://' -e 's/\\$//' < file/idx/bitmap.d.tmp | fmt -1 | \
  sed -e 's/^ *//' -e 's/$/:/' >> file/idx/bitmap.d
rm -f file/idx/bitmap.d.tmp
 
gcc -pthread -w -c -g -c -w file/table.c -o file/table.o
gcc -pthread -w -MM -g -c -w file/table.c > file/table.d
mv -f file/table.d file/table.d.tmp
 
sed -e 's|.*:|file/table.o:|' < file/table.d.tmp > file/table.d
sed -e 's/.*://' -e 's/\\$//' < file/table.d.tmp | fmt -1 | \
  sed -e 's/^ *//' -e 's/$/:/' >> file/table.d
rm -f file/table.d.tmp
 
gcc -pthread -w -c -g -c -w file/blobs.c -o file/blobs.o
gcc -pthread -w -MM -g -c -w file/blobs.c > file/blobs.d
 
mv -f file/blobs.d file/blobs.d.tmp
sed -e 's|.*:|file/blobs.o:|' < file/blobs.d.tmp > file/blobs.d
sed -e 's/.*://' -e 's/\\$//' < file/blobs.d.tmp | fmt -1 | \
  sed -e 's/^ *//' -e 's/$/:/' >> file/blobs.d
rm -f file/blobs.d.tmp
 
gcc -pthread -w -c -g -c -w main.c -o main.o
gcc -pthread -w -MM -g -c -w main.c > main.d
mv -f main.d main.d.tmp
sed -e 's|.*:|main.o:|' < main.d.tmp > main.d
sed -e 's/.*://' -e 's/\\$//' < main.d.tmp | fmt -1 | \
  sed -e 's/^ *//' -e 's/$/:/' >> main.d
rm -f main.d.tmp
 
gcc -pthread -w auxi/test.o auxi/mempro.o sql/trigger.o file/test.o auxi/debug.o rec/archive_log.o sql/command.o auxi/dictionary.o auxi/auxiliary.o auxi/iniparser.o sql/privileges.o sql/function.o file/sequence.o rec/redo_log.o sql/insert.o sql/drop.o sql/view.o auxi/observable.o sql/select.o rec/recovery.o sql/cs/constraint_names.o sql/cs/reference.o sql/cs/between.o sql/cs/nnull.o file/id.o rel/expression_check.o sql/cs/check_constraint.o sql/cs/unique.o opti/rel_eq_projection.o opti/rel_eq_selection.o opti/rel_eq_assoc.o opti/rel_eq_comut.o opti/query_optimization.o rel/difference.o rel/intersect.o rel/nat_join.o rel/projection.o rel/selection.o rel/union.o rel/aggregation.o rel/product.o rel/theta_join.o trans/transaction.o dm/dbman.o mm/memoman.o file/files.o file/fileio.o file/filesearch.o file/filesort.o file/idx/index.o file/idx/btree.o file/idx/hash.o file/idx/bitmap.o file/table.o file/blobs.o main.o -o ../bin/akdb
make: Leaving directory '/home/karlo/akdb-main/akdb/akdb/src'
 
